{"name": "test_buy_mashing_machine", "status": "broken", "statusDetails": {"message": "selenium.common.exceptions.TimeoutException: Message: \nStacktrace:\n\tGetHandleVerifier [0x00007FF716C05E42+3538674]\n\t(No symbol) [0x00007FF716824C02]\n\t(No symbol) [0x00007FF7166D5AEB]\n\t(No symbol) [0x00007FF71671BF4E]\n\t(No symbol) [0x00007FF71671C0CC]\n\t(No symbol) [0x00007FF71675E477]\n\t(No symbol) [0x00007FF71673F0EF]\n\t(No symbol) [0x00007FF71675BDE3]\n\t(No symbol) [0x00007FF71673EE53]\n\t(No symbol) [0x00007FF71670F514]\n\t(No symbol) [0x00007FF716710631]\n\tGetHandleVerifier [0x00007FF716C36CAD+3738973]\n\tGetHandleVerifier [0x00007FF716C8C506+4089270]\n\tGetHandleVerifier [0x00007FF716C84823+4057299]\n\tGetHandleVerifier [0x00007FF716955C49+720121]\n\t(No symbol) [0x00007FF71683126F]\n\t(No symbol) [0x00007FF71682C304]\n\t(No symbol) [0x00007FF71682C432]\n\t(No symbol) [0x00007FF71681BD04]\n\tBaseThreadInitThunk [0x00007FFEB50E7614+20]\n\tRtlUserThreadStart [0x00007FFEB70426F1+33]", "trace": "@allure.description(\"Test buy mashing machine\")\n    def test_buy_mashing_machine():\n        driver = webdriver.Chrome()\n        root = Path(__file__).resolve().parent.parent\n        time_now = datetime.now().strftime(\"%Y-%m-%d_%H-%M-%S\")\n        logger.add(root.joinpath('logs', f'file_{time_now}.log'), rotation=\"1 week\")\n    \n        mp = MainPage(driver)\n        mp.select_product()\n    \n        wp = WashersPage(driver)\n        wp.select_washing_machine()\n    \n        cp = CardPage(driver)\n>       cp.put_in_basket()\n\ntests\\test_buy_washing_machine.py:29: \n_ _ _ _ _ _ _ _ _ _ _ _ _ _ _ _ _ _ _ _ _ _ _ _ _ _ _ _ _ _ _ _ _ _ _ _ _ _ _ _ _ _ _ _ _ _ _ _ _ _ _ _ _ _ _ _ _ _ _ _ _ _ _ _ _ _ _ _ _ _ _ _ _ _ _ _ _ _ _ _ _ _ _ _ _ _ _ _ _ _ _ _ _ _ _ _ _ _ _ _ _ _ _ _ _ _ _ _ _ _ _ _ _ _ _ _ _ _ _ _ _ _ _ _ _ _ _ _ _ _ _ _ _\npages\\card_page.py:61: in put_in_basket\n    self.check_name_washer()\npages\\card_page.py:40: in check_name_washer\n    CardPage.product_name = self.get_name_washer().text.replace(\" \", \"\")\npages\\card_page.py:27: in get_name_washer\n    return WebDriverWait(self.driver, 30).until(EC.element_to_be_clickable((By.XPATH, self.name_washer)))\n_ _ _ _ _ _ _ _ _ _ _ _ _ _ _ _ _ _ _ _ _ _ _ _ _ _ _ _ _ _ _ _ _ _ _ _ _ _ _ _ _ _ _ _ _ _ _ _ _ _ _ _ _ _ _ _ _ _ _ _ _ _ _ _ _ _ _ _ _ _ _ _ _ _ _ _ _ _ _ _ _ _ _ _ _ _ _ _ _ _ _ _ _ _ _ _ _ _ _ _ _ _ _ _ _ _ _ _ _ _ _ _ _ _ _ _ _ _ _ _ _ _ _ _ _ _ _ _ _ _ _ _ _\n\nself = <selenium.webdriver.support.wait.WebDriverWait (session=\"c4403c9abc95f3908c6641ef1ab43528\")>, method = <function element_to_be_clickable.<locals>._predicate at 0x00000239D3B523E0>, message = ''\n\n    def until(self, method: Callable[[D], Union[Literal[False], T]], message: str = \"\") -> T:\n        \"\"\"Calls the method provided with the driver as an argument until the \\\n        return value does not evaluate to ``False``.\n    \n        :param method: callable(WebDriver)\n        :param message: optional message for :exc:`TimeoutException`\n        :returns: the result of the last call to `method`\n        :raises: :exc:`selenium.common.exceptions.TimeoutException` if timeout occurs\n        \"\"\"\n        screen = None\n        stacktrace = None\n    \n        end_time = time.monotonic() + self._timeout\n        while True:\n            try:\n                value = method(self._driver)\n                if value:\n                    return value\n            except self._ignored_exceptions as exc:\n                screen = getattr(exc, \"screen\", None)\n                stacktrace = getattr(exc, \"stacktrace\", None)\n            time.sleep(self._poll)\n            if time.monotonic() > end_time:\n                break\n>       raise TimeoutException(message, screen, stacktrace)\nE       selenium.common.exceptions.TimeoutException: Message: \nE       Stacktrace:\nE       \tGetHandleVerifier [0x00007FF716C05E42+3538674]\nE       \t(No symbol) [0x00007FF716824C02]\nE       \t(No symbol) [0x00007FF7166D5AEB]\nE       \t(No symbol) [0x00007FF71671BF4E]\nE       \t(No symbol) [0x00007FF71671C0CC]\nE       \t(No symbol) [0x00007FF71675E477]\nE       \t(No symbol) [0x00007FF71673F0EF]\nE       \t(No symbol) [0x00007FF71675BDE3]\nE       \t(No symbol) [0x00007FF71673EE53]\nE       \t(No symbol) [0x00007FF71670F514]\nE       \t(No symbol) [0x00007FF716710631]\nE       \tGetHandleVerifier [0x00007FF716C36CAD+3738973]\nE       \tGetHandleVerifier [0x00007FF716C8C506+4089270]\nE       \tGetHandleVerifier [0x00007FF716C84823+4057299]\nE       \tGetHandleVerifier [0x00007FF716955C49+720121]\nE       \t(No symbol) [0x00007FF71683126F]\nE       \t(No symbol) [0x00007FF71682C304]\nE       \t(No symbol) [0x00007FF71682C432]\nE       \t(No symbol) [0x00007FF71681BD04]\nE       \tBaseThreadInitThunk [0x00007FFEB50E7614+20]\nE       \tRtlUserThreadStart [0x00007FFEB70426F1+33]\n\n.venv\\Lib\\site-packages\\selenium\\webdriver\\support\\wait.py:105: TimeoutException"}, "description": "Test buy mashing machine", "steps": [{"name": "Select product", "status": "passed", "start": 1708612555168, "stop": 1708612565644}, {"name": "Select washing machine", "status": "passed", "start": 1708612565644, "stop": 1708612592924}, {"name": "Put in basket", "status": "broken", "statusDetails": {"message": "selenium.common.exceptions.TimeoutException: Message: \nStacktrace:\n\tGetHandleVerifier [0x00007FF716C05E42+3538674]\n\t(No symbol) [0x00007FF716824C02]\n\t(No symbol) [0x00007FF7166D5AEB]\n\t(No symbol) [0x00007FF71671BF4E]\n\t(No symbol) [0x00007FF71671C0CC]\n\t(No symbol) [0x00007FF71675E477]\n\t(No symbol) [0x00007FF71673F0EF]\n\t(No symbol) [0x00007FF71675BDE3]\n\t(No symbol) [0x00007FF71673EE53]\n\t(No symbol) [0x00007FF71670F514]\n\t(No symbol) [0x00007FF716710631]\n\tGetHandleVerifier [0x00007FF716C36CAD+3738973]\n\tGetHandleVerifier [0x00007FF716C8C506+4089270]\n\tGetHandleVerifier [0x00007FF716C84823+4057299]\n\tGetHandleVerifier [0x00007FF716955C49+720121]\n\t(No symbol) [0x00007FF71683126F]\n\t(No symbol) [0x00007FF71682C304]\n\t(No symbol) [0x00007FF71682C432]\n\t(No symbol) [0x00007FF71681BD04]\n\tBaseThreadInitThunk [0x00007FFEB50E7614+20]\n\tRtlUserThreadStart [0x00007FFEB70426F1+33]\n\n", "trace": "  File \"F:\\Tests\\autotest_web\\pages\\card_page.py\", line 61, in put_in_basket\n    self.check_name_washer()\n  File \"F:\\Tests\\autotest_web\\pages\\card_page.py\", line 40, in check_name_washer\n    CardPage.product_name = self.get_name_washer().text.replace(\" \", \"\")\n                            ^^^^^^^^^^^^^^^^^^^^^^\n  File \"F:\\Tests\\autotest_web\\pages\\card_page.py\", line 27, in get_name_washer\n    return WebDriverWait(self.driver, 30).until(EC.element_to_be_clickable((By.XPATH, self.name_washer)))\n           ^^^^^^^^^^^^^^^^^^^^^^^^^^^^^^^^^^^^^^^^^^^^^^^^^^^^^^^^^^^^^^^^^^^^^^^^^^^^^^^^^^^^^^^^^^^^^^\n  File \"F:\\Tests\\autotest_web\\.venv\\Lib\\site-packages\\selenium\\webdriver\\support\\wait.py\", line 105, in until\n    raise TimeoutException(message, screen, stacktrace)\n"}, "start": 1708612592924, "stop": 1708612624492}], "attachments": [{"name": "stderr", "source": "caab568d-d7b1-4203-a0a9-63e4e9b0d540-attachment.txt", "type": "text/plain"}], "start": 1708612551687, "stop": 1708612624493, "uuid": "513f25c9-a0c6-46de-bf06-cfd74c98dfe9", "historyId": "c36a255318a2c8f59c874d602ee64396", "testCaseId": "c36a255318a2c8f59c874d602ee64396", "fullName": "tests.test_buy_washing_machine#test_buy_mashing_machine", "labels": [{"name": "parentSuite", "value": "tests"}, {"name": "suite", "value": "test_buy_washing_machine"}, {"name": "host", "value": "DESKTOP-1A5I6S3"}, {"name": "thread", "value": "1072-MainThread"}, {"name": "framework", "value": "pytest"}, {"name": "language", "value": "cpython3"}, {"name": "package", "value": "tests.test_buy_washing_machine"}]}